Started GET "/" for 127.0.0.1 at 2018-07-31 15:44:57 +1000
  
ActiveRecord::NoDatabaseError (FATAL:  database "burning_airlines_server_development" does not exist
):
  
activerecord (5.2.0) lib/active_record/connection_adapters/postgresql_adapter.rb:688:in `rescue in connect'
activerecord (5.2.0) lib/active_record/connection_adapters/postgresql_adapter.rb:683:in `connect'
activerecord (5.2.0) lib/active_record/connection_adapters/postgresql_adapter.rb:215:in `initialize'
activerecord (5.2.0) lib/active_record/connection_adapters/postgresql_adapter.rb:40:in `new'
activerecord (5.2.0) lib/active_record/connection_adapters/postgresql_adapter.rb:40:in `postgresql_connection'
activerecord (5.2.0) lib/active_record/connection_adapters/abstract/connection_pool.rb:809:in `new_connection'
activerecord (5.2.0) lib/active_record/connection_adapters/abstract/connection_pool.rb:853:in `checkout_new_connection'
activerecord (5.2.0) lib/active_record/connection_adapters/abstract/connection_pool.rb:832:in `try_to_checkout_new_connection'
activerecord (5.2.0) lib/active_record/connection_adapters/abstract/connection_pool.rb:793:in `acquire_connection'
activerecord (5.2.0) lib/active_record/connection_adapters/abstract/connection_pool.rb:521:in `checkout'
activerecord (5.2.0) lib/active_record/connection_adapters/abstract/connection_pool.rb:380:in `connection'
activerecord (5.2.0) lib/active_record/connection_adapters/abstract/connection_pool.rb:1008:in `retrieve_connection'
activerecord (5.2.0) lib/active_record/connection_handling.rb:118:in `retrieve_connection'
activerecord (5.2.0) lib/active_record/connection_handling.rb:90:in `connection'
activerecord (5.2.0) lib/active_record/migration.rb:554:in `call'
actionpack (5.2.0) lib/action_dispatch/middleware/callbacks.rb:28:in `block in call'
activesupport (5.2.0) lib/active_support/callbacks.rb:98:in `run_callbacks'
actionpack (5.2.0) lib/action_dispatch/middleware/callbacks.rb:26:in `call'
actionpack (5.2.0) lib/action_dispatch/middleware/executor.rb:14:in `call'
actionpack (5.2.0) lib/action_dispatch/middleware/debug_exceptions.rb:61:in `call'
web-console (3.6.2) lib/web_console/middleware.rb:135:in `call_app'
web-console (3.6.2) lib/web_console/middleware.rb:30:in `block in call'
web-console (3.6.2) lib/web_console/middleware.rb:20:in `catch'
web-console (3.6.2) lib/web_console/middleware.rb:20:in `call'
actionpack (5.2.0) lib/action_dispatch/middleware/show_exceptions.rb:33:in `call'
railties (5.2.0) lib/rails/rack/logger.rb:38:in `call_app'
railties (5.2.0) lib/rails/rack/logger.rb:26:in `block in call'
activesupport (5.2.0) lib/active_support/tagged_logging.rb:71:in `block in tagged'
activesupport (5.2.0) lib/active_support/tagged_logging.rb:28:in `tagged'
activesupport (5.2.0) lib/active_support/tagged_logging.rb:71:in `tagged'
railties (5.2.0) lib/rails/rack/logger.rb:26:in `call'
sprockets-rails (3.2.1) lib/sprockets/rails/quiet_assets.rb:13:in `call'
actionpack (5.2.0) lib/action_dispatch/middleware/remote_ip.rb:81:in `call'
actionpack (5.2.0) lib/action_dispatch/middleware/request_id.rb:27:in `call'
rack (2.0.5) lib/rack/method_override.rb:22:in `call'
rack (2.0.5) lib/rack/runtime.rb:22:in `call'
activesupport (5.2.0) lib/active_support/cache/strategy/local_cache_middleware.rb:29:in `call'
actionpack (5.2.0) lib/action_dispatch/middleware/executor.rb:14:in `call'
actionpack (5.2.0) lib/action_dispatch/middleware/static.rb:127:in `call'
rack (2.0.5) lib/rack/sendfile.rb:111:in `call'
railties (5.2.0) lib/rails/engine.rb:524:in `call'
puma (3.12.0) lib/puma/configuration.rb:225:in `call'
puma (3.12.0) lib/puma/server.rb:658:in `handle_request'
puma (3.12.0) lib/puma/server.rb:472:in `process_client'
puma (3.12.0) lib/puma/server.rb:332:in `block in run'
puma (3.12.0) lib/puma/thread_pool.rb:133:in `block in spawn_thread'
  [1m[35m (554.1ms)[0m  [1m[35mCREATE DATABASE "burning_airlines_server_development" ENCODING = 'unicode'[0m
  ↳ bin/rails:9
  [1m[35m (429.6ms)[0m  [1m[35mCREATE DATABASE "burning_airlines_server_test" ENCODING = 'unicode'[0m
  ↳ bin/rails:9
  [1m[35m (11.8ms)[0m  [1m[35mCREATE TABLE "schema_migrations" ("version" character varying NOT NULL PRIMARY KEY)[0m
  ↳ bin/rails:9
  [1m[35m (48.2ms)[0m  [1m[35mCREATE TABLE "ar_internal_metadata" ("key" character varying NOT NULL PRIMARY KEY, "value" character varying, "created_at" timestamp NOT NULL, "updated_at" timestamp NOT NULL)[0m
  ↳ bin/rails:9
  [1m[35m (0.9ms)[0m  [1m[34mSELECT pg_try_advisory_lock(6756003020737462275)[0m
  ↳ bin/rails:9
  [1m[35m (1.1ms)[0m  [1m[34mSELECT "schema_migrations"."version" FROM "schema_migrations" ORDER BY "schema_migrations"."version" ASC[0m
  ↳ bin/rails:9
Migrating to CreatePlanes (20180731054225)
  [1m[35m (0.4ms)[0m  [1m[35mBEGIN[0m
  ↳ bin/rails:9
  [1m[35m (48.8ms)[0m  [1m[35mCREATE TABLE "planes" ("id" bigserial primary key, "name" text, "row" integer, "column" text, "created_at" timestamp NOT NULL, "updated_at" timestamp NOT NULL)[0m
  ↳ db/migrate/20180731054225_create_planes.rb:3
  [1m[36mActiveRecord::SchemaMigration Create (4.1ms)[0m  [1m[32mINSERT INTO "schema_migrations" ("version") VALUES ($1) RETURNING "version"[0m  [["version", "20180731054225"]]
  ↳ bin/rails:9
  [1m[35m (0.5ms)[0m  [1m[35mCOMMIT[0m
  ↳ bin/rails:9
Migrating to CreateFlights (20180731054312)
  [1m[35m (40.5ms)[0m  [1m[35mBEGIN[0m
  ↳ bin/rails:9
  [1m[35m (6.3ms)[0m  [1m[35mCREATE TABLE "flights" ("id" bigserial primary key, "flight_name" text, "origin" text, "destination" text, "date" date, "plane_id" integer, "created_at" timestamp NOT NULL, "updated_at" timestamp NOT NULL)[0m
  ↳ db/migrate/20180731054312_create_flights.rb:3
  [1m[36mActiveRecord::SchemaMigration Create (0.4ms)[0m  [1m[32mINSERT INTO "schema_migrations" ("version") VALUES ($1) RETURNING "version"[0m  [["version", "20180731054312"]]
  ↳ bin/rails:9
  [1m[35m (0.4ms)[0m  [1m[35mCOMMIT[0m
  ↳ bin/rails:9
Migrating to CreateUsers (20180731054359)
  [1m[35m (40.1ms)[0m  [1m[35mBEGIN[0m
  ↳ bin/rails:9
  [1m[35m (5.0ms)[0m  [1m[35mCREATE TABLE "users" ("id" bigserial primary key, "email" text, "created_at" timestamp NOT NULL, "updated_at" timestamp NOT NULL)[0m
  ↳ db/migrate/20180731054359_create_users.rb:3
  [1m[36mActiveRecord::SchemaMigration Create (0.2ms)[0m  [1m[32mINSERT INTO "schema_migrations" ("version") VALUES ($1) RETURNING "version"[0m  [["version", "20180731054359"]]
  ↳ bin/rails:9
  [1m[35m (0.4ms)[0m  [1m[35mCOMMIT[0m
  ↳ bin/rails:9
Migrating to CreateReservations (20180731054428)
  [1m[35m (39.4ms)[0m  [1m[35mBEGIN[0m
  ↳ bin/rails:9
  [1m[35m (5.5ms)[0m  [1m[35mCREATE TABLE "reservations" ("id" bigserial primary key, "flight_id" integer, "user_id" integer, "created_at" timestamp NOT NULL, "updated_at" timestamp NOT NULL)[0m
  ↳ db/migrate/20180731054428_create_reservations.rb:3
  [1m[36mActiveRecord::SchemaMigration Create (0.4ms)[0m  [1m[32mINSERT INTO "schema_migrations" ("version") VALUES ($1) RETURNING "version"[0m  [["version", "20180731054428"]]
  ↳ bin/rails:9
  [1m[35m (0.4ms)[0m  [1m[35mCOMMIT[0m
  ↳ bin/rails:9
  [1m[36mActiveRecord::InternalMetadata Load (0.5ms)[0m  [1m[34mSELECT  "ar_internal_metadata".* FROM "ar_internal_metadata" WHERE "ar_internal_metadata"."key" = $1 LIMIT $2[0m  [["key", "environment"], ["LIMIT", 1]]
  ↳ bin/rails:9
  [1m[35m (0.2ms)[0m  [1m[35mBEGIN[0m
  ↳ bin/rails:9
  [1m[36mActiveRecord::InternalMetadata Create (43.8ms)[0m  [1m[32mINSERT INTO "ar_internal_metadata" ("key", "value", "created_at", "updated_at") VALUES ($1, $2, $3, $4) RETURNING "key"[0m  [["key", "environment"], ["value", "development"], ["created_at", "2018-07-31 05:45:23.735410"], ["updated_at", "2018-07-31 05:45:23.735410"]]
  ↳ bin/rails:9
  [1m[35m (0.7ms)[0m  [1m[35mCOMMIT[0m
  ↳ bin/rails:9
  [1m[35m (0.3ms)[0m  [1m[34mSELECT pg_advisory_unlock(6756003020737462275)[0m
  ↳ bin/rails:9
  [1m[35m (1.0ms)[0m  [1m[34mSELECT "schema_migrations"."version" FROM "schema_migrations" ORDER BY "schema_migrations"."version" ASC[0m
  ↳ bin/rails:9
Started GET "/" for 127.0.0.1 at 2018-07-31 15:45:34 +1000
  [1m[35m (0.8ms)[0m  [1m[34mSELECT "schema_migrations"."version" FROM "schema_migrations" ORDER BY "schema_migrations"."version" ASC[0m
  ↳ /Users/zabrinatan/.rvm/gems/ruby-2.5.1/gems/activerecord-5.2.0/lib/active_record/log_subscriber.rb:98
Processing by Rails::WelcomeController#index as HTML
  Rendering /Users/zabrinatan/.rvm/gems/ruby-2.5.1/gems/railties-5.2.0/lib/rails/templates/rails/welcome/index.html.erb
  Rendered /Users/zabrinatan/.rvm/gems/ruby-2.5.1/gems/railties-5.2.0/lib/rails/templates/rails/welcome/index.html.erb (4.0ms)
Completed 200 OK in 21ms (Views: 10.0ms | ActiveRecord: 0.0ms)


Started GET "/plane" for 127.0.0.1 at 2018-07-31 15:45:49 +1000
  
ActionController::RoutingError (No route matches [GET] "/plane"):
  
actionpack (5.2.0) lib/action_dispatch/middleware/debug_exceptions.rb:65:in `call'
web-console (3.6.2) lib/web_console/middleware.rb:135:in `call_app'
web-console (3.6.2) lib/web_console/middleware.rb:30:in `block in call'
web-console (3.6.2) lib/web_console/middleware.rb:20:in `catch'
web-console (3.6.2) lib/web_console/middleware.rb:20:in `call'
actionpack (5.2.0) lib/action_dispatch/middleware/show_exceptions.rb:33:in `call'
railties (5.2.0) lib/rails/rack/logger.rb:38:in `call_app'
railties (5.2.0) lib/rails/rack/logger.rb:26:in `block in call'
activesupport (5.2.0) lib/active_support/tagged_logging.rb:71:in `block in tagged'
activesupport (5.2.0) lib/active_support/tagged_logging.rb:28:in `tagged'
activesupport (5.2.0) lib/active_support/tagged_logging.rb:71:in `tagged'
railties (5.2.0) lib/rails/rack/logger.rb:26:in `call'
sprockets-rails (3.2.1) lib/sprockets/rails/quiet_assets.rb:13:in `call'
actionpack (5.2.0) lib/action_dispatch/middleware/remote_ip.rb:81:in `call'
actionpack (5.2.0) lib/action_dispatch/middleware/request_id.rb:27:in `call'
rack (2.0.5) lib/rack/method_override.rb:22:in `call'
rack (2.0.5) lib/rack/runtime.rb:22:in `call'
activesupport (5.2.0) lib/active_support/cache/strategy/local_cache_middleware.rb:29:in `call'
actionpack (5.2.0) lib/action_dispatch/middleware/executor.rb:14:in `call'
actionpack (5.2.0) lib/action_dispatch/middleware/static.rb:127:in `call'
rack (2.0.5) lib/rack/sendfile.rb:111:in `call'
railties (5.2.0) lib/rails/engine.rb:524:in `call'
puma (3.12.0) lib/puma/configuration.rb:225:in `call'
puma (3.12.0) lib/puma/server.rb:658:in `handle_request'
puma (3.12.0) lib/puma/server.rb:472:in `process_client'
puma (3.12.0) lib/puma/server.rb:332:in `block in run'
puma (3.12.0) lib/puma/thread_pool.rb:133:in `block in spawn_thread'
Started GET "/flight" for 127.0.0.1 at 2018-07-31 15:45:59 +1000
  
ActionController::RoutingError (No route matches [GET] "/flight"):
  
actionpack (5.2.0) lib/action_dispatch/middleware/debug_exceptions.rb:65:in `call'
web-console (3.6.2) lib/web_console/middleware.rb:135:in `call_app'
web-console (3.6.2) lib/web_console/middleware.rb:30:in `block in call'
web-console (3.6.2) lib/web_console/middleware.rb:20:in `catch'
web-console (3.6.2) lib/web_console/middleware.rb:20:in `call'
actionpack (5.2.0) lib/action_dispatch/middleware/show_exceptions.rb:33:in `call'
railties (5.2.0) lib/rails/rack/logger.rb:38:in `call_app'
railties (5.2.0) lib/rails/rack/logger.rb:26:in `block in call'
activesupport (5.2.0) lib/active_support/tagged_logging.rb:71:in `block in tagged'
activesupport (5.2.0) lib/active_support/tagged_logging.rb:28:in `tagged'
activesupport (5.2.0) lib/active_support/tagged_logging.rb:71:in `tagged'
railties (5.2.0) lib/rails/rack/logger.rb:26:in `call'
sprockets-rails (3.2.1) lib/sprockets/rails/quiet_assets.rb:13:in `call'
actionpack (5.2.0) lib/action_dispatch/middleware/remote_ip.rb:81:in `call'
actionpack (5.2.0) lib/action_dispatch/middleware/request_id.rb:27:in `call'
rack (2.0.5) lib/rack/method_override.rb:22:in `call'
rack (2.0.5) lib/rack/runtime.rb:22:in `call'
activesupport (5.2.0) lib/active_support/cache/strategy/local_cache_middleware.rb:29:in `call'
actionpack (5.2.0) lib/action_dispatch/middleware/executor.rb:14:in `call'
actionpack (5.2.0) lib/action_dispatch/middleware/static.rb:127:in `call'
rack (2.0.5) lib/rack/sendfile.rb:111:in `call'
railties (5.2.0) lib/rails/engine.rb:524:in `call'
puma (3.12.0) lib/puma/configuration.rb:225:in `call'
puma (3.12.0) lib/puma/server.rb:658:in `handle_request'
puma (3.12.0) lib/puma/server.rb:472:in `process_client'
puma (3.12.0) lib/puma/server.rb:332:in `block in run'
puma (3.12.0) lib/puma/thread_pool.rb:133:in `block in spawn_thread'
Started GET "/user" for 127.0.0.1 at 2018-07-31 15:46:08 +1000
  
ActionController::RoutingError (No route matches [GET] "/user"):
  
actionpack (5.2.0) lib/action_dispatch/middleware/debug_exceptions.rb:65:in `call'
web-console (3.6.2) lib/web_console/middleware.rb:135:in `call_app'
web-console (3.6.2) lib/web_console/middleware.rb:30:in `block in call'
web-console (3.6.2) lib/web_console/middleware.rb:20:in `catch'
web-console (3.6.2) lib/web_console/middleware.rb:20:in `call'
actionpack (5.2.0) lib/action_dispatch/middleware/show_exceptions.rb:33:in `call'
railties (5.2.0) lib/rails/rack/logger.rb:38:in `call_app'
railties (5.2.0) lib/rails/rack/logger.rb:26:in `block in call'
activesupport (5.2.0) lib/active_support/tagged_logging.rb:71:in `block in tagged'
activesupport (5.2.0) lib/active_support/tagged_logging.rb:28:in `tagged'
activesupport (5.2.0) lib/active_support/tagged_logging.rb:71:in `tagged'
railties (5.2.0) lib/rails/rack/logger.rb:26:in `call'
sprockets-rails (3.2.1) lib/sprockets/rails/quiet_assets.rb:13:in `call'
actionpack (5.2.0) lib/action_dispatch/middleware/remote_ip.rb:81:in `call'
actionpack (5.2.0) lib/action_dispatch/middleware/request_id.rb:27:in `call'
rack (2.0.5) lib/rack/method_override.rb:22:in `call'
rack (2.0.5) lib/rack/runtime.rb:22:in `call'
activesupport (5.2.0) lib/active_support/cache/strategy/local_cache_middleware.rb:29:in `call'
actionpack (5.2.0) lib/action_dispatch/middleware/executor.rb:14:in `call'
actionpack (5.2.0) lib/action_dispatch/middleware/static.rb:127:in `call'
rack (2.0.5) lib/rack/sendfile.rb:111:in `call'
railties (5.2.0) lib/rails/engine.rb:524:in `call'
puma (3.12.0) lib/puma/configuration.rb:225:in `call'
puma (3.12.0) lib/puma/server.rb:658:in `handle_request'
puma (3.12.0) lib/puma/server.rb:472:in `process_client'
puma (3.12.0) lib/puma/server.rb:332:in `block in run'
puma (3.12.0) lib/puma/thread_pool.rb:133:in `block in spawn_thread'
Started GET "/flgihts" for 127.0.0.1 at 2018-07-31 15:46:36 +1000
  
ActionController::RoutingError (No route matches [GET] "/flgihts"):
  
actionpack (5.2.0) lib/action_dispatch/middleware/debug_exceptions.rb:65:in `call'
web-console (3.6.2) lib/web_console/middleware.rb:135:in `call_app'
web-console (3.6.2) lib/web_console/middleware.rb:30:in `block in call'
web-console (3.6.2) lib/web_console/middleware.rb:20:in `catch'
web-console (3.6.2) lib/web_console/middleware.rb:20:in `call'
actionpack (5.2.0) lib/action_dispatch/middleware/show_exceptions.rb:33:in `call'
railties (5.2.0) lib/rails/rack/logger.rb:38:in `call_app'
railties (5.2.0) lib/rails/rack/logger.rb:26:in `block in call'
activesupport (5.2.0) lib/active_support/tagged_logging.rb:71:in `block in tagged'
activesupport (5.2.0) lib/active_support/tagged_logging.rb:28:in `tagged'
activesupport (5.2.0) lib/active_support/tagged_logging.rb:71:in `tagged'
railties (5.2.0) lib/rails/rack/logger.rb:26:in `call'
sprockets-rails (3.2.1) lib/sprockets/rails/quiet_assets.rb:13:in `call'
actionpack (5.2.0) lib/action_dispatch/middleware/remote_ip.rb:81:in `call'
actionpack (5.2.0) lib/action_dispatch/middleware/request_id.rb:27:in `call'
rack (2.0.5) lib/rack/method_override.rb:22:in `call'
rack (2.0.5) lib/rack/runtime.rb:22:in `call'
activesupport (5.2.0) lib/active_support/cache/strategy/local_cache_middleware.rb:29:in `call'
actionpack (5.2.0) lib/action_dispatch/middleware/executor.rb:14:in `call'
actionpack (5.2.0) lib/action_dispatch/middleware/static.rb:127:in `call'
rack (2.0.5) lib/rack/sendfile.rb:111:in `call'
railties (5.2.0) lib/rails/engine.rb:524:in `call'
puma (3.12.0) lib/puma/configuration.rb:225:in `call'
puma (3.12.0) lib/puma/server.rb:658:in `handle_request'
puma (3.12.0) lib/puma/server.rb:472:in `process_client'
puma (3.12.0) lib/puma/server.rb:332:in `block in run'
puma (3.12.0) lib/puma/thread_pool.rb:133:in `block in spawn_thread'
Started GET "/flights" for 127.0.0.1 at 2018-07-31 15:46:40 +1000
Processing by FlightsController#index as HTML
  Rendering flights/index.html.erb within layouts/application
  [1m[36mFlight Load (2.7ms)[0m  [1m[34mSELECT "flights".* FROM "flights"[0m
  ↳ app/views/flights/index.html.erb:18
  Rendered flights/index.html.erb within layouts/application (7.2ms)
Completed 200 OK in 752ms (Views: 739.6ms | ActiveRecord: 4.7ms)


Started GET "/flights/new" for 127.0.0.1 at 2018-07-31 15:46:46 +1000
Processing by FlightsController#new as HTML
  Rendering flights/new.html.erb within layouts/application
  Rendered flights/_form.html.erb (25.2ms)
  Rendered flights/new.html.erb within layouts/application (27.8ms)
Completed 200 OK in 79ms (Views: 59.9ms | ActiveRecord: 6.2ms)


Started POST "/flights" for 127.0.0.1 at 2018-07-31 15:47:37 +1000
Processing by FlightsController#create as HTML
  Parameters: {"utf8"=>"✓", "authenticity_token"=>"fFXlOyXpGGDLj4rHZKY7QtfkP1T5vism7xVvAd3w72Z9WXtL+59gfZzOqkYdS8ya00h8OAEKB+EcfkYVizUayw==", "flight"=>{"flight_name"=>"707", "origin"=>"Sydney, Australia", "destination"=>"Melbourne, Australia", "date(1i)"=>"2018", "date(2i)"=>"8", "date(3i)"=>"1", "plane_id"=>"787"}, "commit"=>"Create Flight"}
  [1m[35m (0.4ms)[0m  [1m[35mBEGIN[0m
  ↳ app/controllers/flights_controller.rb:30
  [1m[36mFlight Create (44.8ms)[0m  [1m[32mINSERT INTO "flights" ("flight_name", "origin", "destination", "date", "plane_id", "created_at", "updated_at") VALUES ($1, $2, $3, $4, $5, $6, $7) RETURNING "id"[0m  [["flight_name", "707"], ["origin", "Sydney, Australia"], ["destination", "Melbourne, Australia"], ["date", "2018-08-01"], ["plane_id", 787], ["created_at", "2018-07-31 05:47:37.943645"], ["updated_at", "2018-07-31 05:47:37.943645"]]
  ↳ app/controllers/flights_controller.rb:30
  [1m[35m (0.5ms)[0m  [1m[35mCOMMIT[0m
  ↳ app/controllers/flights_controller.rb:30
Redirected to http://localhost:3000/flights/1
Completed 302 Found in 54ms (ActiveRecord: 45.7ms)


Started GET "/flights/1" for 127.0.0.1 at 2018-07-31 15:47:37 +1000
Processing by FlightsController#show as HTML
  Parameters: {"id"=>"1"}
  [1m[36mFlight Load (40.4ms)[0m  [1m[34mSELECT  "flights".* FROM "flights" WHERE "flights"."id" = $1 LIMIT $2[0m  [["id", 1], ["LIMIT", 1]]
  ↳ app/controllers/flights_controller.rb:67
  Rendering flights/show.html.erb within layouts/application
  Rendered flights/show.html.erb within layouts/application (1.3ms)
Completed 200 OK in 80ms (Views: 27.6ms | ActiveRecord: 40.6ms)


Started GET "/flights/1/edit" for 127.0.0.1 at 2018-07-31 15:47:43 +1000
Processing by FlightsController#edit as HTML
  Parameters: {"id"=>"1"}
  [1m[36mFlight Load (0.6ms)[0m  [1m[34mSELECT  "flights".* FROM "flights" WHERE "flights"."id" = $1 LIMIT $2[0m  [["id", 1], ["LIMIT", 1]]
  ↳ app/controllers/flights_controller.rb:67
  Rendering flights/edit.html.erb within layouts/application
  Rendered flights/_form.html.erb (3.7ms)
  Rendered flights/edit.html.erb within layouts/application (6.0ms)
Completed 200 OK in 48ms (Views: 36.6ms | ActiveRecord: 0.6ms)


Started GET "/flights" for 127.0.0.1 at 2018-07-31 15:48:36 +1000
Processing by FlightsController#index as HTML
  Rendering flights/index.html.erb within layouts/application
  [1m[36mFlight Load (0.5ms)[0m  [1m[34mSELECT "flights".* FROM "flights"[0m
  ↳ app/views/flights/index.html.erb:18
  Rendered flights/index.html.erb within layouts/application (2.5ms)
Completed 200 OK in 27ms (Views: 22.6ms | ActiveRecord: 0.5ms)


Started GET "/flights/new" for 127.0.0.1 at 2018-07-31 15:48:43 +1000
Processing by FlightsController#new as HTML
  Rendering flights/new.html.erb within layouts/application
  Rendered flights/_form.html.erb (2.6ms)
  Rendered flights/new.html.erb within layouts/application (4.7ms)
Completed 200 OK in 30ms (Views: 25.7ms | ActiveRecord: 0.0ms)


Started POST "/flights" for 127.0.0.1 at 2018-07-31 15:49:28 +1000
Processing by FlightsController#create as HTML
  Parameters: {"utf8"=>"✓", "authenticity_token"=>"c8QA4J8yiupcEE7Gm7WcjvQckxXEfP5L80u5X3h0rJVyyJ6QQUTy9wtRbkfiWGtW8LDQeTzI0owAIJBLLrFZOA==", "flight"=>{"flight_name"=>"QF01", "origin"=>"Paris, France", "destination"=>"Milan, Italy", "date(1i)"=>"2018", "date(2i)"=>"11", "date(3i)"=>"31", "plane_id"=>"5667"}, "commit"=>"Create Flight"}
  [1m[35m (0.2ms)[0m  [1m[35mBEGIN[0m
  ↳ app/controllers/flights_controller.rb:30
  [1m[36mFlight Create (0.4ms)[0m  [1m[32mINSERT INTO "flights" ("flight_name", "origin", "destination", "date", "plane_id", "created_at", "updated_at") VALUES ($1, $2, $3, $4, $5, $6, $7) RETURNING "id"[0m  [["flight_name", "QF01"], ["origin", "Paris, France"], ["destination", "Milan, Italy"], ["date", "2018-12-01"], ["plane_id", 5667], ["created_at", "2018-07-31 05:49:28.218576"], ["updated_at", "2018-07-31 05:49:28.218576"]]
  ↳ app/controllers/flights_controller.rb:30
  [1m[35m (41.0ms)[0m  [1m[35mCOMMIT[0m
  ↳ app/controllers/flights_controller.rb:30
Redirected to http://localhost:3000/flights/2
Completed 302 Found in 45ms (ActiveRecord: 41.5ms)


Started GET "/flights/2" for 127.0.0.1 at 2018-07-31 15:49:28 +1000
Processing by FlightsController#show as HTML
  Parameters: {"id"=>"2"}
  [1m[36mFlight Load (0.5ms)[0m  [1m[34mSELECT  "flights".* FROM "flights" WHERE "flights"."id" = $1 LIMIT $2[0m  [["id", 2], ["LIMIT", 1]]
  ↳ app/controllers/flights_controller.rb:67
  Rendering flights/show.html.erb within layouts/application
  Rendered flights/show.html.erb within layouts/application (0.7ms)
Completed 200 OK in 29ms (Views: 23.1ms | ActiveRecord: 0.5ms)


Started GET "/flights/2/edit" for 127.0.0.1 at 2018-07-31 15:49:29 +1000
Processing by FlightsController#edit as HTML
  Parameters: {"id"=>"2"}
  [1m[36mFlight Load (0.4ms)[0m  [1m[34mSELECT  "flights".* FROM "flights" WHERE "flights"."id" = $1 LIMIT $2[0m  [["id", 2], ["LIMIT", 1]]
  ↳ app/controllers/flights_controller.rb:67
  Rendering flights/edit.html.erb within layouts/application
  Rendered flights/_form.html.erb (2.9ms)
  Rendered flights/edit.html.erb within layouts/application (5.6ms)
Completed 200 OK in 39ms (Views: 34.3ms | ActiveRecord: 0.4ms)


Started PATCH "/flights/2" for 127.0.0.1 at 2018-07-31 15:49:33 +1000
Processing by FlightsController#update as HTML
  Parameters: {"utf8"=>"✓", "authenticity_token"=>"6xfJ5zlkzhIloPZ7Xd3OcJjaes4v3jvK2lKPy5kn8wSgbOMVObpFHCfC16WzJz65pvQFCjC2z9hLHXACS09SPg==", "flight"=>{"flight_name"=>"QF01", "origin"=>"Paris, France", "destination"=>"Milan, Italy", "date(1i)"=>"2018", "date(2i)"=>"12", "date(3i)"=>"1", "plane_id"=>"566"}, "commit"=>"Update Flight", "id"=>"2"}
  [1m[36mFlight Load (0.4ms)[0m  [1m[34mSELECT  "flights".* FROM "flights" WHERE "flights"."id" = $1 LIMIT $2[0m  [["id", 2], ["LIMIT", 1]]
  ↳ app/controllers/flights_controller.rb:67
  [1m[35m (0.1ms)[0m  [1m[35mBEGIN[0m
  ↳ app/controllers/flights_controller.rb:44
  [1m[36mFlight Update (44.5ms)[0m  [1m[33mUPDATE "flights" SET "plane_id" = $1, "updated_at" = $2 WHERE "flights"."id" = $3[0m  [["plane_id", 566], ["updated_at", "2018-07-31 05:49:33.879590"], ["id", 2]]
  ↳ app/controllers/flights_controller.rb:44
  [1m[35m (0.5ms)[0m  [1m[35mCOMMIT[0m
  ↳ app/controllers/flights_controller.rb:44
Redirected to http://localhost:3000/flights/2
Completed 302 Found in 56ms (ActiveRecord: 45.6ms)


Started GET "/flights/2" for 127.0.0.1 at 2018-07-31 15:49:33 +1000
Processing by FlightsController#show as HTML
  Parameters: {"id"=>"2"}
  [1m[36mFlight Load (0.3ms)[0m  [1m[34mSELECT  "flights".* FROM "flights" WHERE "flights"."id" = $1 LIMIT $2[0m  [["id", 2], ["LIMIT", 1]]
  ↳ app/controllers/flights_controller.rb:67
  Rendering flights/show.html.erb within layouts/application
  Rendered flights/show.html.erb within layouts/application (0.7ms)
Completed 200 OK in 23ms (Views: 20.0ms | ActiveRecord: 0.3ms)


Started GET "/flights" for 127.0.0.1 at 2018-07-31 15:49:40 +1000
Processing by FlightsController#index as HTML
  Rendering flights/index.html.erb within layouts/application
  [1m[36mFlight Load (0.4ms)[0m  [1m[34mSELECT "flights".* FROM "flights"[0m
  ↳ app/views/flights/index.html.erb:18
  Rendered flights/index.html.erb within layouts/application (2.0ms)
Completed 200 OK in 27ms (Views: 22.7ms | ActiveRecord: 0.4ms)


Started DELETE "/flights/1" for 127.0.0.1 at 2018-07-31 15:49:45 +1000
Processing by FlightsController#destroy as HTML
  Parameters: {"authenticity_token"=>"XoIgwpgDNdJ7BtVRvce0bcC5h+htmmewi4SiGaYlT5625bSa77gnerwA7WO4fR/gwS+1p2ZFA2C7+UzD28NrbA==", "id"=>"1"}
  [1m[36mFlight Load (0.5ms)[0m  [1m[34mSELECT  "flights".* FROM "flights" WHERE "flights"."id" = $1 LIMIT $2[0m  [["id", 1], ["LIMIT", 1]]
  ↳ app/controllers/flights_controller.rb:67
  [1m[35m (0.2ms)[0m  [1m[35mBEGIN[0m
  ↳ app/controllers/flights_controller.rb:57
  [1m[36mFlight Destroy (0.6ms)[0m  [1m[31mDELETE FROM "flights" WHERE "flights"."id" = $1[0m  [["id", 1]]
  ↳ app/controllers/flights_controller.rb:57
  [1m[35m (39.8ms)[0m  [1m[35mCOMMIT[0m
  ↳ app/controllers/flights_controller.rb:57
Redirected to http://localhost:3000/flights
Completed 302 Found in 48ms (ActiveRecord: 41.1ms)


Started GET "/flights" for 127.0.0.1 at 2018-07-31 15:49:45 +1000
Processing by FlightsController#index as HTML
  Rendering flights/index.html.erb within layouts/application
  [1m[36mFlight Load (0.4ms)[0m  [1m[34mSELECT "flights".* FROM "flights"[0m
  ↳ app/views/flights/index.html.erb:18
  Rendered flights/index.html.erb within layouts/application (2.2ms)
Completed 200 OK in 26ms (Views: 23.0ms | ActiveRecord: 0.4ms)


Started GET "/flights/new" for 127.0.0.1 at 2018-07-31 16:53:54 +1000
  [1m[35m (1.1ms)[0m  [1m[34mSELECT "schema_migrations"."version" FROM "schema_migrations" ORDER BY "schema_migrations"."version" ASC[0m
  ↳ /Users/zabrinatan/.rvm/gems/ruby-2.5.1/gems/activerecord-5.2.0/lib/active_record/log_subscriber.rb:98
Processing by FlightsController#new as HTML
  Rendering flights/new.html.erb within layouts/application
  Rendered flights/_form.html.erb (16.0ms)
  Rendered flights/new.html.erb within layouts/application (19.8ms)
Completed 200 OK in 335ms (Views: 263.7ms | ActiveRecord: 50.1ms)


Started POST "/flights" for 127.0.0.1 at 2018-07-31 16:54:01 +1000
Processing by FlightsController#create as HTML
  Parameters: {"utf8"=>"✓", "authenticity_token"=>"CKIYtcPQvrHNJuhNbI6E1WCTm2yeL7lZYVmTKhv9HAHgxYzttGusGQog0H9pNC9YYQWpI5Xw3YlRJH3wZhs48w==", "flight"=>{"flight_name"=>"jfeof", "origin"=>"erf", "destination"=>"ff", "date(1i)"=>"2018", "date(2i)"=>"7", "date(3i)"=>"31", "plane_id"=>""}, "commit"=>"Create Flight"}
  [1m[35m (0.2ms)[0m  [1m[35mBEGIN[0m
  ↳ app/controllers/flights_controller.rb:30
  [1m[36mFlight Create (1.6ms)[0m  [1m[32mINSERT INTO "flights" ("flight_name", "origin", "destination", "date", "created_at", "updated_at") VALUES ($1, $2, $3, $4, $5, $6) RETURNING "id"[0m  [["flight_name", "jfeof"], ["origin", "erf"], ["destination", "ff"], ["date", "2018-07-31"], ["created_at", "2018-07-31 06:54:01.398873"], ["updated_at", "2018-07-31 06:54:01.398873"]]
  ↳ app/controllers/flights_controller.rb:30
  [1m[35m (1.1ms)[0m  [1m[35mCOMMIT[0m
  ↳ app/controllers/flights_controller.rb:30
Redirected to http://localhost:3000/flights/3
Completed 302 Found in 8ms (ActiveRecord: 2.9ms)


Started GET "/flights/3" for 127.0.0.1 at 2018-07-31 16:54:01 +1000
Processing by FlightsController#show as HTML
  Parameters: {"id"=>"3"}
  [1m[36mFlight Load (0.4ms)[0m  [1m[34mSELECT  "flights".* FROM "flights" WHERE "flights"."id" = $1 LIMIT $2[0m  [["id", 3], ["LIMIT", 1]]
  ↳ app/controllers/flights_controller.rb:67
  Rendering flights/show.html.erb within layouts/application
  Rendered flights/show.html.erb within layouts/application (0.7ms)
Completed 200 OK in 32ms (Views: 25.0ms | ActiveRecord: 0.7ms)


Started GET "/flights" for 127.0.0.1 at 2018-07-31 16:54:09 +1000
Processing by FlightsController#index as HTML
  Rendering flights/index.html.erb within layouts/application
  [1m[36mFlight Load (0.4ms)[0m  [1m[34mSELECT "flights".* FROM "flights"[0m
  ↳ app/views/flights/index.html.erb:18
  Rendered flights/index.html.erb within layouts/application (2.7ms)
Completed 200 OK in 34ms (Views: 23.8ms | ActiveRecord: 0.4ms)


Started DELETE "/flights/3" for 127.0.0.1 at 2018-07-31 16:54:15 +1000
Processing by FlightsController#destroy as HTML
  Parameters: {"authenticity_token"=>"2CqiFRutoqoQkz+J8YOBKuanDhicRS7DXBNJpZrgnZUwTTZNbBawAteVB7v0OSqn5zE8V5eaShNsbqd/5wa5Zw==", "id"=>"3"}
  [1m[36mFlight Load (0.5ms)[0m  [1m[34mSELECT  "flights".* FROM "flights" WHERE "flights"."id" = $1 LIMIT $2[0m  [["id", 3], ["LIMIT", 1]]
  ↳ app/controllers/flights_controller.rb:67
  [1m[35m (0.2ms)[0m  [1m[35mBEGIN[0m
  ↳ app/controllers/flights_controller.rb:57
  [1m[36mFlight Destroy (0.4ms)[0m  [1m[31mDELETE FROM "flights" WHERE "flights"."id" = $1[0m  [["id", 3]]
  ↳ app/controllers/flights_controller.rb:57
  [1m[35m (5.9ms)[0m  [1m[35mCOMMIT[0m
  ↳ app/controllers/flights_controller.rb:57
Redirected to http://localhost:3000/flights
Completed 302 Found in 12ms (ActiveRecord: 7.0ms)


Started GET "/flights" for 127.0.0.1 at 2018-07-31 16:54:15 +1000
Processing by FlightsController#index as HTML
  Rendering flights/index.html.erb within layouts/application
  [1m[36mFlight Load (0.5ms)[0m  [1m[34mSELECT "flights".* FROM "flights"[0m
  ↳ app/views/flights/index.html.erb:18
  Rendered flights/index.html.erb within layouts/application (3.0ms)
Completed 200 OK in 32ms (Views: 26.8ms | ActiveRecord: 0.5ms)


